app/build/intermediates/manifest_merge_blame_file/debug/processDebugMainManifest/manifest-merger-blame-debug-report.txt
1<?xml version="1.0" encoding="utf-8"?>
2<manifest xmlns:android="http://schemas.android.com/apk/res/android"
3    package="com.privacyguard.app"
4    android:versionCode="1"
5    android:versionName="1.0" >
6
7    <uses-sdk
7-->INJECTED
8        android:minSdkVersion="24"
8-->INJECTED
9        android:targetSdkVersion="36" />
9-->INJECTED
10
11    <!-- Network -->
12    <uses-permission android:name="android.permission.INTERNET" />
12-->src\main\AndroidManifest.xml:6:5-67
12-->src\main\AndroidManifest.xml:6:22-64
13    <uses-permission android:name="android.permission.ACCESS_NETWORK_STATE" />
13-->src\main\AndroidManifest.xml:7:5-79
13-->src\main\AndroidManifest.xml:7:22-76
14    <uses-permission android:name="android.permission.CHANGE_NETWORK_STATE" />
14-->src\main\AndroidManifest.xml:8:5-79
14-->src\main\AndroidManifest.xml:8:22-76
15
16    <!-- Foreground service — VPN requires specialUse on API 34+ -->
17    <uses-permission android:name="android.permission.FOREGROUND_SERVICE" />
17-->src\main\AndroidManifest.xml:11:5-77
17-->src\main\AndroidManifest.xml:11:22-74
18    <uses-permission android:name="android.permission.FOREGROUND_SERVICE_SPECIAL_USE" />
18-->src\main\AndroidManifest.xml:12:5-89
18-->src\main\AndroidManifest.xml:12:22-86
19
20    <!-- Wake lock for background processing -->
21    <uses-permission android:name="android.permission.WAKE_LOCK" />
21-->src\main\AndroidManifest.xml:15:5-68
21-->src\main\AndroidManifest.xml:15:22-65
22
23    <!-- App usage stats for per-app attribution (protected; user grants in Settings) -->
24    <uses-permission android:name="android.permission.PACKAGE_USAGE_STATS" />
24-->src\main\AndroidManifest.xml:18:5-20:47
24-->src\main\AndroidManifest.xml:19:9-62
25
26    <!-- Boot receiver — restart VPN after reboot (FR-VPN-10) -->
27    <uses-permission android:name="android.permission.RECEIVE_BOOT_COMPLETED" />
27-->src\main\AndroidManifest.xml:23:5-81
27-->src\main\AndroidManifest.xml:23:22-78
28
29    <!-- External storage for PCAP export (API ≤ 28 only) -->
30    <uses-permission
30-->src\main\AndroidManifest.xml:26:5-28:38
31        android:name="android.permission.WRITE_EXTERNAL_STORAGE"
31-->src\main\AndroidManifest.xml:27:9-65
32        android:maxSdkVersion="28" />
32-->src\main\AndroidManifest.xml:28:9-35
33    <uses-permission android:name="android.permission.READ_EXTERNAL_STORAGE" />
33-->src\main\AndroidManifest.xml:29:5-80
33-->src\main\AndroidManifest.xml:29:22-77
34
35    <!-- Post notifications (required API 33+) -->
36    <uses-permission android:name="android.permission.POST_NOTIFICATIONS" />
36-->src\main\AndroidManifest.xml:32:5-77
36-->src\main\AndroidManifest.xml:32:22-74
37
38    <permission
38-->[androidx.core:core:1.18.0] AndroidManifest.xml:22:5-24:47
39        android:name="com.privacyguard.app.DYNAMIC_RECEIVER_NOT_EXPORTED_PERMISSION"
39-->[androidx.core:core:1.18.0] AndroidManifest.xml:23:9-81
40        android:protectionLevel="signature" />
40-->[androidx.core:core:1.18.0] AndroidManifest.xml:24:9-44
41
42    <uses-permission android:name="com.privacyguard.app.DYNAMIC_RECEIVER_NOT_EXPORTED_PERMISSION" />
42-->[androidx.core:core:1.18.0] AndroidManifest.xml:26:5-97
42-->[androidx.core:core:1.18.0] AndroidManifest.xml:26:22-94
43
44    <application
44-->src\main\AndroidManifest.xml:34:5-101:19
45        android:name="com.privacyguard.app.PrivacyGuardApplication"
45-->src\main\AndroidManifest.xml:35:9-48
46        android:allowBackup="true"
46-->src\main\AndroidManifest.xml:36:9-35
47        android:appComponentFactory="androidx.core.app.CoreComponentFactory"
47-->[androidx.core:core:1.18.0] AndroidManifest.xml:28:18-86
48        android:dataExtractionRules="@xml/data_extraction_rules"
48-->src\main\AndroidManifest.xml:37:9-65
49        android:debuggable="true"
50        android:extractNativeLibs="false"
50-->INJECTED
51        android:fullBackupContent="@xml/backup_rules"
51-->src\main\AndroidManifest.xml:38:9-54
52        android:icon="@mipmap/ic_launcher"
52-->src\main\AndroidManifest.xml:39:9-43
53        android:label="@string/app_name"
53-->src\main\AndroidManifest.xml:40:9-41
54        android:roundIcon="@mipmap/ic_launcher_round"
54-->src\main\AndroidManifest.xml:41:9-54
55        android:supportsRtl="true"
55-->src\main\AndroidManifest.xml:42:9-35
56        android:testOnly="true"
57        android:theme="@style/Theme.Privacyguard" >
57-->src\main\AndroidManifest.xml:43:9-50
58        <activity
58-->src\main\AndroidManifest.xml:45:9-54:20
59            android:name="com.privacyguard.app.MainActivity"
59-->src\main\AndroidManifest.xml:46:13-41
60            android:exported="true"
60-->src\main\AndroidManifest.xml:47:13-36
61            android:label="@string/app_name"
61-->src\main\AndroidManifest.xml:48:13-45
62            android:theme="@style/Theme.Privacyguard" >
62-->src\main\AndroidManifest.xml:49:13-54
63            <intent-filter>
63-->src\main\AndroidManifest.xml:50:13-53:29
64                <action android:name="android.intent.action.MAIN" />
64-->src\main\AndroidManifest.xml:51:17-69
64-->src\main\AndroidManifest.xml:51:25-66
65
66                <category android:name="android.intent.category.LAUNCHER" />
66-->src\main\AndroidManifest.xml:52:17-77
66-->src\main\AndroidManifest.xml:52:27-74
67            </intent-filter>
68        </activity>
69
70        <!--
71            Primary VPN service — must carry android.net.VpnService intent-filter
72            so that VpnService.prepare() grants permission to this class.
73            foregroundServiceType="specialUse" is required for API 34+ VPN services.
74        -->
75        <service
75-->src\main\AndroidManifest.xml:61:9-73:19
76            android:name="com.privacyguard.platform.android.PrivacyVpnService"
76-->src\main\AndroidManifest.xml:62:13-79
77            android:exported="false"
77-->src\main\AndroidManifest.xml:63:13-37
78            android:foregroundServiceType="specialUse"
78-->src\main\AndroidManifest.xml:64:13-55
79            android:permission="android.permission.BIND_VPN_SERVICE" >
79-->src\main\AndroidManifest.xml:65:13-69
80            <intent-filter>
80-->src\main\AndroidManifest.xml:66:13-68:29
81                <action android:name="android.net.VpnService" />
81-->src\main\AndroidManifest.xml:67:17-65
81-->src\main\AndroidManifest.xml:67:25-62
82            </intent-filter>
83            <!-- Required metadata for specialUse FGS on API 34+ -->
84            <property
84-->src\main\AndroidManifest.xml:70:13-72:39
85                android:name="android.app.PROPERTY_SPECIAL_USE_FGS_SUBTYPE"
85-->src\main\AndroidManifest.xml:71:17-76
86                android:value="VPN" />
86-->src\main\AndroidManifest.xml:72:17-36
87        </service>
88
89        <!-- Boot receiver — re-starts VPN if it was active before shutdown (FR-VPN-10) -->
90        <receiver
90-->src\main\AndroidManifest.xml:76:9-83:20
91            android:name="com.privacyguard.app.vpn.BootReceiver"
91-->src\main\AndroidManifest.xml:77:13-45
92            android:exported="true" >
92-->src\main\AndroidManifest.xml:78:13-36
93            <intent-filter>
93-->src\main\AndroidManifest.xml:79:13-82:29
94                <action android:name="android.intent.action.BOOT_COMPLETED" />
94-->src\main\AndroidManifest.xml:80:17-79
94-->src\main\AndroidManifest.xml:80:25-76
95                <action android:name="android.intent.action.QUICKBOOT_POWERON" />
95-->src\main\AndroidManifest.xml:81:17-82
95-->src\main\AndroidManifest.xml:81:25-79
96            </intent-filter>
97        </receiver>
98
99        <!-- Notification dismiss receiver -->
100        <receiver
100-->src\main\AndroidManifest.xml:86:9-88:40
101            android:name="com.privacyguard.app.core.utils.NotificationDismissReceiver"
101-->src\main\AndroidManifest.xml:87:13-67
102            android:exported="false" />
102-->src\main\AndroidManifest.xml:88:13-37
103
104        <!-- FileProvider for PCAP export -->
105        <provider
105-->INJECTED
106            android:name="androidx.core.content.FileProvider"
106-->src\main\AndroidManifest.xml:92:13-62
107            android:authorities="com.privacyguard.app.fileprovider"
107-->INJECTED
108            android:exported="false"
108-->src\main\AndroidManifest.xml:94:13-37
109            android:grantUriPermissions="true" >
109-->src\main\AndroidManifest.xml:95:13-47
110            <meta-data
110-->src\main\AndroidManifest.xml:96:13-98:54
111                android:name="android.support.FILE_PROVIDER_PATHS"
111-->src\main\AndroidManifest.xml:97:17-67
112                android:resource="@xml/file_paths" />
112-->src\main\AndroidManifest.xml:98:17-51
113        </provider>
114
115        <activity
115-->[androidx.compose.ui:ui-tooling-android:1.10.4] AndroidManifest.xml:23:9-25:39
116            android:name="androidx.compose.ui.tooling.PreviewActivity"
116-->[androidx.compose.ui:ui-tooling-android:1.10.4] AndroidManifest.xml:24:13-71
117            android:exported="true" />
117-->[androidx.compose.ui:ui-tooling-android:1.10.4] AndroidManifest.xml:25:13-36
118
119        <provider
119-->[androidx.work:work-runtime:2.11.0] AndroidManifest.xml:29:9-37:20
120            android:name="androidx.startup.InitializationProvider"
120-->[androidx.work:work-runtime:2.11.0] AndroidManifest.xml:30:13-67
121            android:authorities="com.privacyguard.app.androidx-startup"
121-->[androidx.work:work-runtime:2.11.0] AndroidManifest.xml:31:13-68
122            android:exported="false" >
122-->[androidx.work:work-runtime:2.11.0] AndroidManifest.xml:32:13-37
123            <meta-data
123-->[androidx.work:work-runtime:2.11.0] AndroidManifest.xml:34:13-36:52
124                android:name="androidx.work.WorkManagerInitializer"
124-->[androidx.work:work-runtime:2.11.0] AndroidManifest.xml:35:17-68
125                android:value="androidx.startup" />
125-->[androidx.work:work-runtime:2.11.0] AndroidManifest.xml:36:17-49
126            <meta-data
126-->[androidx.emoji2:emoji2:1.4.0] AndroidManifest.xml:29:13-31:52
127                android:name="androidx.emoji2.text.EmojiCompatInitializer"
127-->[androidx.emoji2:emoji2:1.4.0] AndroidManifest.xml:30:17-75
128                android:value="androidx.startup" />
128-->[androidx.emoji2:emoji2:1.4.0] AndroidManifest.xml:31:17-49
129            <meta-data
129-->[androidx.lifecycle:lifecycle-process:2.10.0] AndroidManifest.xml:29:13-31:52
130                android:name="androidx.lifecycle.ProcessLifecycleInitializer"
130-->[androidx.lifecycle:lifecycle-process:2.10.0] AndroidManifest.xml:30:17-78
131                android:value="androidx.startup" />
131-->[androidx.lifecycle:lifecycle-process:2.10.0] AndroidManifest.xml:31:17-49
132            <meta-data
132-->[androidx.profileinstaller:profileinstaller:1.4.0] AndroidManifest.xml:29:13-31:52
133                android:name="androidx.profileinstaller.ProfileInstallerInitializer"
133-->[androidx.profileinstaller:profileinstaller:1.4.0] AndroidManifest.xml:30:17-85
134                android:value="androidx.startup" />
134-->[androidx.profileinstaller:profileinstaller:1.4.0] AndroidManifest.xml:31:17-49
135        </provider>
136
137        <service
137-->[androidx.work:work-runtime:2.11.0] AndroidManifest.xml:39:9-45:35
138            android:name="androidx.work.impl.background.systemjob.SystemJobService"
138-->[androidx.work:work-runtime:2.11.0] AndroidManifest.xml:40:13-84
139            android:directBootAware="false"
139-->[androidx.work:work-runtime:2.11.0] AndroidManifest.xml:41:13-44
140            android:enabled="@bool/enable_system_job_service_default"
140-->[androidx.work:work-runtime:2.11.0] AndroidManifest.xml:42:13-70
141            android:exported="true"
141-->[androidx.work:work-runtime:2.11.0] AndroidManifest.xml:43:13-36
142            android:permission="android.permission.BIND_JOB_SERVICE" />
142-->[androidx.work:work-runtime:2.11.0] AndroidManifest.xml:44:13-69
143        <service
143-->[androidx.work:work-runtime:2.11.0] AndroidManifest.xml:46:9-52:35
144            android:name="androidx.work.impl.foreground.SystemForegroundService"
144-->[androidx.work:work-runtime:2.11.0] AndroidManifest.xml:47:13-81
145            android:directBootAware="false"
145-->[androidx.work:work-runtime:2.11.0] AndroidManifest.xml:48:13-44
146            android:enabled="@bool/enable_system_foreground_service_default"
146-->[androidx.work:work-runtime:2.11.0] AndroidManifest.xml:49:13-77
147            android:exported="false" />
147-->[androidx.work:work-runtime:2.11.0] AndroidManifest.xml:50:13-37
148
149        <receiver
149-->[androidx.work:work-runtime:2.11.0] AndroidManifest.xml:54:9-59:35
150            android:name="androidx.work.impl.utils.ForceStopRunnable$BroadcastReceiver"
150-->[androidx.work:work-runtime:2.11.0] AndroidManifest.xml:55:13-88
151            android:directBootAware="false"
151-->[androidx.work:work-runtime:2.11.0] AndroidManifest.xml:56:13-44
152            android:enabled="true"
152-->[androidx.work:work-runtime:2.11.0] AndroidManifest.xml:57:13-35
153            android:exported="false" />
153-->[androidx.work:work-runtime:2.11.0] AndroidManifest.xml:58:13-37
154        <receiver
154-->[androidx.work:work-runtime:2.11.0] AndroidManifest.xml:60:9-69:20
155            android:name="androidx.work.impl.background.systemalarm.RescheduleReceiver"
155-->[androidx.work:work-runtime:2.11.0] AndroidManifest.xml:61:13-88
156            android:directBootAware="false"
156-->[androidx.work:work-runtime:2.11.0] AndroidManifest.xml:62:13-44
157            android:enabled="false"
157-->[androidx.work:work-runtime:2.11.0] AndroidManifest.xml:63:13-36
158            android:exported="false" >
158-->[androidx.work:work-runtime:2.11.0] AndroidManifest.xml:64:13-37
159            <intent-filter>
159-->[androidx.work:work-runtime:2.11.0] AndroidManifest.xml:66:13-68:29
160                <action android:name="android.intent.action.BOOT_COMPLETED" />
160-->src\main\AndroidManifest.xml:80:17-79
160-->src\main\AndroidManifest.xml:80:25-76
161            </intent-filter>
162        </receiver>
163        <receiver
163-->[androidx.work:work-runtime:2.11.0] AndroidManifest.xml:70:9-80:20
164            android:name="androidx.work.impl.diagnostics.DiagnosticsReceiver"
164-->[androidx.work:work-runtime:2.11.0] AndroidManifest.xml:71:13-78
165            android:directBootAware="false"
165-->[androidx.work:work-runtime:2.11.0] AndroidManifest.xml:72:13-44
166            android:enabled="true"
166-->[androidx.work:work-runtime:2.11.0] AndroidManifest.xml:73:13-35
167            android:exported="true"
167-->[androidx.work:work-runtime:2.11.0] AndroidManifest.xml:74:13-36
168            android:permission="android.permission.DUMP" >
168-->[androidx.work:work-runtime:2.11.0] AndroidManifest.xml:75:13-57
169            <intent-filter>
169-->[androidx.work:work-runtime:2.11.0] AndroidManifest.xml:77:13-79:29
170                <action android:name="androidx.work.diagnostics.REQUEST_DIAGNOSTICS" />
170-->[androidx.work:work-runtime:2.11.0] AndroidManifest.xml:78:17-88
170-->[androidx.work:work-runtime:2.11.0] AndroidManifest.xml:78:25-85
171            </intent-filter>
172        </receiver>
173
174        <uses-library
174-->[androidx.window:window:1.5.0] AndroidManifest.xml:23:9-25:40
175            android:name="androidx.window.extensions"
175-->[androidx.window:window:1.5.0] AndroidManifest.xml:24:13-54
176            android:required="false" />
176-->[androidx.window:window:1.5.0] AndroidManifest.xml:25:13-37
177        <uses-library
177-->[androidx.window:window:1.5.0] AndroidManifest.xml:26:9-28:40
178            android:name="androidx.window.sidecar"
178-->[androidx.window:window:1.5.0] AndroidManifest.xml:27:13-51
179            android:required="false" />
179-->[androidx.window:window:1.5.0] AndroidManifest.xml:28:13-37
180
181        <activity
181-->[androidx.compose.ui:ui-test-manifest:1.10.4] AndroidManifest.xml:23:9-26:79
182            android:name="androidx.activity.ComponentActivity"
182-->[androidx.compose.ui:ui-test-manifest:1.10.4] AndroidManifest.xml:24:13-63
183            android:exported="true"
183-->[androidx.compose.ui:ui-test-manifest:1.10.4] AndroidManifest.xml:25:13-36
184            android:theme="@android:style/Theme.Material.Light.NoActionBar" />
184-->[androidx.compose.ui:ui-test-manifest:1.10.4] AndroidManifest.xml:26:13-76
185
186        <service
186-->[androidx.room:room-runtime-android:2.8.1] AndroidManifest.xml:24:9-28:63
187            android:name="androidx.room.MultiInstanceInvalidationService"
187-->[androidx.room:room-runtime-android:2.8.1] AndroidManifest.xml:25:13-74
188            android:directBootAware="true"
188-->[androidx.room:room-runtime-android:2.8.1] AndroidManifest.xml:26:13-43
189            android:exported="false" />
189-->[androidx.room:room-runtime-android:2.8.1] AndroidManifest.xml:27:13-37
190
191        <receiver
191-->[androidx.profileinstaller:profileinstaller:1.4.0] AndroidManifest.xml:34:9-52:20
192            android:name="androidx.profileinstaller.ProfileInstallReceiver"
192-->[androidx.profileinstaller:profileinstaller:1.4.0] AndroidManifest.xml:35:13-76
193            android:directBootAware="false"
193-->[androidx.profileinstaller:profileinstaller:1.4.0] AndroidManifest.xml:36:13-44
194            android:enabled="true"
194-->[androidx.profileinstaller:profileinstaller:1.4.0] AndroidManifest.xml:37:13-35
195            android:exported="true"
195-->[androidx.profileinstaller:profileinstaller:1.4.0] AndroidManifest.xml:38:13-36
196            android:permission="android.permission.DUMP" >
196-->[androidx.profileinstaller:profileinstaller:1.4.0] AndroidManifest.xml:39:13-57
197            <intent-filter>
197-->[androidx.profileinstaller:profileinstaller:1.4.0] AndroidManifest.xml:40:13-42:29
198                <action android:name="androidx.profileinstaller.action.INSTALL_PROFILE" />
198-->[androidx.profileinstaller:profileinstaller:1.4.0] AndroidManifest.xml:41:17-91
198-->[androidx.profileinstaller:profileinstaller:1.4.0] AndroidManifest.xml:41:25-88
199            </intent-filter>
200            <intent-filter>
200-->[androidx.profileinstaller:profileinstaller:1.4.0] AndroidManifest.xml:43:13-45:29
201                <action android:name="androidx.profileinstaller.action.SKIP_FILE" />
201-->[androidx.profileinstaller:profileinstaller:1.4.0] AndroidManifest.xml:44:17-85
201-->[androidx.profileinstaller:profileinstaller:1.4.0] AndroidManifest.xml:44:25-82
202            </intent-filter>
203            <intent-filter>
203-->[androidx.profileinstaller:profileinstaller:1.4.0] AndroidManifest.xml:46:13-48:29
204                <action android:name="androidx.profileinstaller.action.SAVE_PROFILE" />
204-->[androidx.profileinstaller:profileinstaller:1.4.0] AndroidManifest.xml:47:17-88
204-->[androidx.profileinstaller:profileinstaller:1.4.0] AndroidManifest.xml:47:25-85
205            </intent-filter>
206            <intent-filter>
206-->[androidx.profileinstaller:profileinstaller:1.4.0] AndroidManifest.xml:49:13-51:29
207                <action android:name="androidx.profileinstaller.action.BENCHMARK_OPERATION" />
207-->[androidx.profileinstaller:profileinstaller:1.4.0] AndroidManifest.xml:50:17-95
207-->[androidx.profileinstaller:profileinstaller:1.4.0] AndroidManifest.xml:50:25-92
208            </intent-filter>
209        </receiver>
210    </application>
211
212</manifest>